Initializing...
Starting write workers..
Worker  1 : Started
Worker  2 : Started
Worker  3 : Started
Worker  4 : Started
Started order server...
[negroni] listening on :4000
Placing the order for: 5a2089fdf6f4f0411d787fed

Obtained orders from DB..

Orders are:
 []
[negroni] 2017-11-30T23:49:21Z | 200 | 	 2.976457ms | 54.193.66.242:4000 | GET /order/5a2089fdf6f4f0411d787fed 
Placing the order for: 5a2089fdf6f4f0411d787fed

Obtained orders from DB..

Orders are:
 []
[negroni] 2017-11-30T23:49:50Z | 200 | 	 3.137435ms | 54.193.66.242:4000 | GET /order/5a2089fdf6f4f0411d787fed 
Placing the order for: 5a2089fdf6f4f0411d787fed

Obtained orders from DB..

Orders are:
 []
[negroni] 2017-12-01T00:35:05Z | 200 | 	 3.150964ms | 54.193.66.242:4000 | GET /order/5a2089fdf6f4f0411d787fed 
Placing the order for: 5a2089fdf6f4f0411d787fed

Obtained orders from DB..

Orders are:
 []
[negroni] 2017-12-01T00:35:16Z | 200 | 	 3.136619ms | 54.193.66.242:4000 | GET /order/5a2089fdf6f4f0411d787fed 

Writing order to DB
[negroni] 2017-12-01T00:36:48Z | 200 | 	 183.604µs | 54.193.66.242:4000 | POST /order 
Placing the order for: 5a2089fdf6f4f0411d787fed

Obtained orders from DB..

Orders are:
 [map[status:Delivered timestamp:2017-11-30 16:36:48 -08:00 deliveryAddress:North Carolina _id:ObjectIdHex("5a20a4215013c4bf0b90185a") orderId:00c6c8ea-db6e-4313-a88b-acfb4264f565 customerId:5a2089fdf6f4f0411d787fed ItemDetails:map[milk:map[Qty:2 Price:2]] total:4]]
[negroni] 2017-12-01T00:39:49Z | 200 | 	 4.060055ms | 54.193.66.242:4000 | GET /order/5a2089fdf6f4f0411d787fed 
Ping - Payment API running
[negroni] 2017-12-01T09:26:16Z | 200 | 	 91.407µs | 54.193.66.242:4000 | GET /ping 
[negroni] 2017-12-01T09:26:22Z | 404 | 	 28.991µs | 54.193.66.242:4000 | GET / 
